<?xml version="1.0" encoding="UTF-8"?>
<!-- Generated by org.testng.reporters.JUnitReportReporter -->
<testsuite hostname="Rajas-MacBook-Air.local" failures="0" tests="1" name="testCases.PaymentTest" time="0.660" errors="0" timestamp="2025-06-14T14:52:05 BST" skipped="0">
  <testcase classname="testCases.PaymentTest" name="purchaseFlow" time="0.660"/>
</testsuite> <!-- testCases.PaymentTest -->
