<?xml version="1.0" encoding="UTF-8"?>
<!-- Generated by org.testng.reporters.JUnitReportReporter -->
<testsuite hostname="Rajas-MacBook-Air.local" failures="0" tests="1" name="testCases.MenuTest" time="2.665" errors="0" timestamp="2025-06-08T17:28:37 BST" skipped="0">
  <testcase classname="testCases.MenuTest" name="items" time="2.665"/>
</testsuite> <!-- testCases.MenuTest -->
