<?xml version="1.0" encoding="UTF-8"?>
<!-- Generated by org.testng.reporters.JUnitReportReporter -->
<testsuite hostname="Rajas-MacBook-Air.local" failures="0" tests="1" name="testCases.AddItemsToCartTest" time="4.737" errors="0" timestamp="2025-06-10T18:31:17 BST" skipped="0">
  <testcase classname="testCases.AddItemsToCartTest" name="addingItems" time="4.737"/>
</testsuite> <!-- testCases.AddItemsToCartTest -->
