<?xml version="1.0" encoding="UTF-8"?>
<!-- Generated by org.testng.reporters.JUnitReportReporter -->
<testsuite hostname="Rajas-MacBook-Air.local" failures="0" tests="1" name="testCases.ViewCartTest" time="9.199" errors="0" timestamp="2025-06-24T18:51:18 BST" skipped="0">
  <testcase classname="testCases.ViewCartTest" name="updatedCart" time="9.199"/>
</testsuite> <!-- testCases.ViewCartTest -->
