<?xml version="1.0" encoding="UTF-8"?>
<!-- Generated by org.testng.reporters.JUnitReportReporter -->
<testsuite hostname="Rajas-MacBook-Air.local" failures="0" tests="1" name="testCases.PaymentTestSingleUserTest" time="0.698" errors="0" timestamp="2025-07-21T18:22:33 BST" skipped="0">
  <testcase classname="testCases.PaymentTestSingleUserTest" name="purchaseFlow" time="0.698"/>
</testsuite> <!-- testCases.PaymentTestSingleUserTest -->
