<?xml version="1.0" encoding="UTF-8"?>
<!-- Generated by org.testng.reporters.JUnitReportReporter -->
<testsuite hostname="Rajas-MacBook-Air.local" failures="0" tests="1" name="testCases.AddItemsToCartTest" time="11.120" errors="0" timestamp="2025-06-09T18:55:53 BST" skipped="0">
  <testcase classname="testCases.AddItemsToCartTest" name="addingItems" time="11.120"/>
</testsuite> <!-- testCases.AddItemsToCartTest -->
