<?xml version="1.0" encoding="UTF-8"?>
<!-- Generated by org.testng.reporters.JUnitReportReporter -->
<testsuite hostname="Rajas-MacBook-Air.local" failures="0" tests="1" name="testCases.MenuItemsTest" time="0.043" errors="0" timestamp="2025-06-14T12:20:36 BST" skipped="0">
  <testcase classname="testCases.MenuItemsTest" name="items" time="0.043"/>
</testsuite> <!-- testCases.MenuItemsTest -->
