<?xml version="1.0" encoding="UTF-8"?>
<!-- Generated by org.testng.reporters.JUnitReportReporter -->
<testsuite hostname="Rajas-MacBook-Air.local" failures="0" tests="1" name="testCases.MenuItemsTest" time="4.618" errors="0" timestamp="2025-06-09T18:15:32 BST" skipped="0">
  <testcase classname="testCases.MenuItemsTest" name="items" time="4.618"/>
</testsuite> <!-- testCases.MenuItemsTest -->
