<?xml version="1.0" encoding="UTF-8"?>
<!-- Generated by org.testng.reporters.JUnitReportReporter -->
<testsuite hostname="Rajas-MacBook-Air.local" failures="0" tests="4" name="testCases.PaymentMultipleUserTest" time="2.248" errors="0" timestamp="2025-07-30T17:27:57 BST" skipped="0">
  <testcase classname="testCases.PaymentMultipleUserTest" name="purchaseFlow" time="1.076"/>
  <testcase classname="testCases.PaymentMultipleUserTest" name="purchaseFlow" time="0.382"/>
  <testcase classname="testCases.PaymentMultipleUserTest" name="purchaseFlow" time="0.387"/>
  <testcase classname="testCases.PaymentMultipleUserTest" name="purchaseFlow" time="0.403"/>
</testsuite> <!-- testCases.PaymentMultipleUserTest -->
