<?xml version="1.0" encoding="UTF-8"?>
<!-- Generated by org.testng.reporters.JUnitReportReporter -->
<testsuite hostname="Rajas-MacBook-Air.local" failures="0" tests="1" name="testCases.PaymentTest" time="0.645" errors="0" timestamp="2025-06-16T18:33:15 BST" skipped="0">
  <testcase classname="testCases.PaymentTest" name="purchaseFlow" time="0.645"/>
</testsuite> <!-- testCases.PaymentTest -->
