<?xml version="1.0" encoding="UTF-8"?>
<!-- Generated by org.testng.reporters.JUnitReportReporter -->
<testsuite hostname="Rajas-MacBook-Air.local" failures="0" tests="4" name="testCases.PaymentMultipleUserTest" time="1.963" errors="0" timestamp="2025-06-18T20:51:48 BST" skipped="0">
  <testcase classname="testCases.PaymentMultipleUserTest" name="purchaseFlow" time="0.320"/>
  <testcase classname="testCases.PaymentMultipleUserTest" name="purchaseFlow" time="0.330"/>
  <testcase classname="testCases.PaymentMultipleUserTest" name="purchaseFlow" time="0.337"/>
  <testcase classname="testCases.PaymentMultipleUserTest" name="purchaseFlow" time="0.976"/>
</testsuite> <!-- testCases.PaymentMultipleUserTest -->
