<?xml version="1.0" encoding="UTF-8"?>
<!-- Generated by org.testng.reporters.JUnitReportReporter -->
<testsuite hostname="Rajas-MacBook-Air.local" failures="0" tests="1" name="testCases.ViewCartTest" time="0.145" errors="0" timestamp="2025-06-18T17:07:47 BST" skipped="0">
  <testcase classname="testCases.ViewCartTest" name="updatedCart" time="0.145"/>
</testsuite> <!-- testCases.ViewCartTest -->
