<?xml version="1.0" encoding="UTF-8"?>
<!-- Generated by org.testng.reporters.JUnitReportReporter -->
<testsuite hostname="Rajas-MacBook-Air.local" failures="0" tests="4" name="testCases.EndToEndPurchaseTest" time="1.995" errors="0" timestamp="2025-06-18T18:27:36 BST" skipped="0">
  <testcase classname="testCases.EndToEndPurchaseTest" name="purchase" time="0.376"/>
  <testcase classname="testCases.EndToEndPurchaseTest" name="purchase" time="0.336"/>
  <testcase classname="testCases.EndToEndPurchaseTest" name="purchase" time="0.959"/>
  <testcase classname="testCases.EndToEndPurchaseTest" name="purchase" time="0.324"/>
</testsuite> <!-- testCases.EndToEndPurchaseTest -->
