<?xml version="1.0" encoding="UTF-8"?>
<!-- Generated by org.testng.reporters.JUnitReportReporter -->
<testsuite hostname="Rajas-MacBook-Air.local" failures="0" tests="1" name="testCases.PaymentTestSingleUserTest" time="0.666" errors="0" timestamp="2025-06-25T18:49:40 BST" skipped="0">
  <testcase classname="testCases.PaymentTestSingleUserTest" name="purchaseFlow" time="0.666"/>
</testsuite> <!-- testCases.PaymentTestSingleUserTest -->
