<?xml version="1.0" encoding="UTF-8"?>
<!-- Generated by org.testng.reporters.JUnitReportReporter -->
<testsuite hostname="Rajas-MacBook-Air.local" failures="0" tests="1" name="testCases.ViewCartTest" time="0.135" errors="0" timestamp="2025-07-11T18:15:25 BST" skipped="0">
  <testcase classname="testCases.ViewCartTest" name="updatedCart" time="0.135"/>
</testsuite> <!-- testCases.ViewCartTest -->
