<?xml version="1.0" encoding="UTF-8"?>
<!-- Generated by org.testng.reporters.JUnitReportReporter -->
<testsuite hostname="Rajas-MacBook-Air.local" failures="0" tests="1" name="testCases.PaymentTestSingleUserTest" time="0.669" errors="0" timestamp="2025-06-18T19:45:19 BST" skipped="0">
  <testcase classname="testCases.PaymentTestSingleUserTest" name="purchaseFlow" time="0.669"/>
</testsuite> <!-- testCases.PaymentTestSingleUserTest -->
