<?xml version="1.0" encoding="UTF-8"?>
<!-- Generated by org.testng.reporters.JUnitReportReporter -->
<testsuite hostname="Rajas-MacBook-Air.local" failures="0" tests="1" name="testCases.MenuItemsTest" time="5.068" errors="0" timestamp="2025-06-10T18:30:07 BST" skipped="0">
  <testcase classname="testCases.MenuItemsTest" name="items" time="5.068"/>
</testsuite> <!-- testCases.MenuItemsTest -->
