<?xml version="1.0" encoding="UTF-8"?>
<!-- Generated by org.testng.reporters.JUnitReportReporter -->
<testsuite hostname="Rajas-MacBook-Air.local" failures="0" tests="1" name="testCases.HomePageTest" time="6.672" errors="0" timestamp="2025-06-08T15:17:43 BST" skipped="0">
  <testcase classname="testCases.HomePageTest" name="menu" time="6.672"/>
</testsuite> <!-- testCases.HomePageTest -->
