<?xml version="1.0" encoding="UTF-8"?>
<!-- Generated by org.testng.reporters.JUnitReportReporter -->
<testsuite hostname="Rajas-MacBook-Air.local" failures="0" tests="1" name="testCases.PaymentTestSingleUserTest" time="0.653" errors="0" timestamp="2025-07-09T19:03:18 BST" skipped="0">
  <testcase classname="testCases.PaymentTestSingleUserTest" name="purchaseFlow" time="0.653"/>
</testsuite> <!-- testCases.PaymentTestSingleUserTest -->
