<?xml version="1.0" encoding="UTF-8"?>
<!-- Generated by org.testng.reporters.JUnitReportReporter -->
<testsuite hostname="Rajas-MacBook-Air.local" failures="0" tests="4" name="testCases.PaymentMultipleUserTest" time="1.901" errors="0" timestamp="2025-06-23T18:52:01 BST" skipped="0">
  <testcase classname="testCases.PaymentMultipleUserTest" name="purchaseFlow" time="0.308"/>
  <testcase classname="testCases.PaymentMultipleUserTest" name="purchaseFlow" time="0.328"/>
  <testcase classname="testCases.PaymentMultipleUserTest" name="purchaseFlow" time="0.319"/>
  <testcase classname="testCases.PaymentMultipleUserTest" name="purchaseFlow" time="0.946"/>
</testsuite> <!-- testCases.PaymentMultipleUserTest -->
