<?xml version="1.0" encoding="UTF-8"?>
<!-- Generated by org.testng.reporters.JUnitReportReporter -->
<testsuite hostname="Rajas-MacBook-Air.local" failures="0" tests="1" name="testCases.AddItemsToCartTest" time="0.128" errors="0" timestamp="2025-06-25T18:35:33 BST" skipped="0">
  <testcase classname="testCases.AddItemsToCartTest" name="addingToCart" time="0.128"/>
</testsuite> <!-- testCases.AddItemsToCartTest -->
